<?xml version="1.0" encoding="UTF-8"?>
<testng-results ignored="0" total="1" passed="1" failed="0" skipped="0">
  <reporter-output>
  </reporter-output>
  <suite started-at="2024-11-08T04:00:37 EST" name="Test" finished-at="2024-11-08T04:01:04 EST" duration-ms="27668">
    <groups>
      <group name="cucumber">
        <method signature="AbstractTestNGCucumberTests.runScenario(io.cucumber.testng.PickleWrapper,io.cucumber.testng.FeatureWrapper)[pri:0, instance:runners.GeneralRunner@5f2afe62]" name="runScenario" class="io.cucumber.testng.AbstractTestNGCucumberTests"/>
      </group> <!-- cucumber -->
    </groups>
    <test started-at="2024-11-08T04:00:37 EST" name="Booking Search" finished-at="2024-11-08T04:01:04 EST" duration-ms="27668">
      <class name="runners.GeneralRunner">
        <test-method is-config="true" signature="setUpClass()[pri:0, instance:runners.GeneralRunner@5f2afe62]" started-at="2024-11-08T04:00:37 EST" name="setUpClass" finished-at="2024-11-08T04:00:38 EST" duration-ms="733" status="PASS">
          <reporter-output>
          </reporter-output>
        </test-method> <!-- setUpClass -->
        <test-method signature="runScenario(io.cucumber.testng.PickleWrapper,io.cucumber.testng.FeatureWrapper)[pri:0, instance:runners.GeneralRunner@5f2afe62]" started-at="2024-11-08T04:00:38 EST" name="runScenario" description="Runs Cucumber Scenarios" data-provider="scenarios" finished-at="2024-11-08T04:01:04 EST" duration-ms="26853" status="PASS">
          <params>
            <param index="0">
              <value>
                <![CDATA["Booking Search"]]>
              </value>
            </param>
            <param index="1">
              <value>
                <![CDATA["Optional[Booking Search]"]]>
              </value>
            </param>
          </params>
          <reporter-output>
          </reporter-output>
        </test-method> <!-- runScenario -->
        <test-method is-config="true" signature="tearDownClass()[pri:0, instance:runners.GeneralRunner@5f2afe62]" started-at="2024-11-08T04:01:04 EST" name="tearDownClass" finished-at="2024-11-08T04:01:04 EST" duration-ms="6" status="PASS">
          <reporter-output>
          </reporter-output>
        </test-method> <!-- tearDownClass -->
      </class> <!-- runners.GeneralRunner -->
    </test> <!-- Booking Search -->
  </suite> <!-- Test -->
</testng-results>
